{
  message: '[mongodb] Error: querySrv ENOTFOUND _mongodb._tcp.cluster0.qif3q.mongodb.net\n' +
    '    at QueryReqWrap.onresolve [as oncomplete] (node:dns:213:19)',
  level: 'error',
  timestamp: '2023-05-08 11:47:38'
}
{
  message: '[mongodb] Error: querySrv ENOTFOUND _mongodb._tcp.cluster0.qif3q.mongodb.net\n' +
    '    at QueryReqWrap.onresolve [as oncomplete] (node:dns:213:19)',
  level: 'error',
  timestamp: '2023-05-08 11:59:10'
}
{
  message: '[mongodb] Error: querySrv ENOTFOUND _mongodb._tcp.cluster0.qif3q.mongodb.net\n' +
    '    at QueryReqWrap.onresolve [as oncomplete] (node:dns:213:19)',
  level: 'error',
  timestamp: '2023-05-08 12:07:10'
}
{
  message: '[mongodb] Error: querySrv ENOTFOUND _mongodb._tcp.cluster0.qif3q.mongodb.net\n' +
    '    at QueryReqWrap.onresolve [as oncomplete] (node:dns:213:19)',
  level: 'error',
  timestamp: '2023-05-08 12:12:05'
}
{
  message: '[mongodb] Error: querySrv ENOTFOUND _mongodb._tcp.cluster0.qif3q.mongodb.net\n' +
    '    at QueryReqWrap.onresolve [as oncomplete] (node:dns:213:19)',
  level: 'error',
  timestamp: '2023-05-08 12:38:32'
}
{
  message: '[mongodb] Error: querySrv ENOTFOUND _mongodb._tcp.cluster0.qif3q.mongodb.net\n' +
    '    at QueryReqWrap.onresolve [as oncomplete] (node:dns:213:19)',
  level: 'error',
  timestamp: '2023-05-08 12:40:40'
}
{
  message: '[mongodb] Error: querySrv ENOTFOUND _mongodb._tcp.cluster0.qif3q.mongodb.net\n' +
    '    at QueryReqWrap.onresolve [as oncomplete] (node:dns:213:19)',
  level: 'error',
  timestamp: '2023-05-08 12:51:01'
}
{
  message: '[mongodb] Error: querySrv ENOTFOUND _mongodb._tcp.cluster0.qif3q.mongodb.net\n' +
    '    at QueryReqWrap.onresolve [as oncomplete] (node:internal/dns/promises:173:17)',
  level: 'error',
  timestamp: '2023-05-08 12:56:20'
}
{
  message: '[mongodb] Error: querySrv ENOTFOUND _mongodb._tcp.cluster0.qif3q.mongodb.net\n' +
    '    at QueryReqWrap.onresolve [as oncomplete] (node:internal/dns/promises:173:17)',
  level: 'error',
  timestamp: '2023-05-08 12:58:36'
}
{
  message: '[mongodb] Error: querySrv ENOTFOUND _mongodb._tcp.cluster0.qif3q.mongodb.net\n' +
    '    at QueryReqWrap.onresolve [as oncomplete] (node:internal/dns/promises:173:17)',
  level: 'error',
  timestamp: '2023-05-08 13:07:09'
}
{
  message: '[mongodb] Error: querySrv ENOTFOUND _mongodb._tcp.cluster0.qif3q.mongodb.net\n' +
    '    at QueryReqWrap.onresolve [as oncomplete] (node:internal/dns/promises:173:17)',
  level: 'error',
  timestamp: '2023-05-08 13:07:18'
}
{
  message: '[mongodb] Error: querySrv ENOTFOUND _mongodb._tcp.cluster0.qif3q.mongodb.net\n' +
    '    at QueryReqWrap.onresolve [as oncomplete] (node:internal/dns/promises:173:17)',
  level: 'error',
  timestamp: '2023-05-08 13:09:13'
}
{
  message: '[mongodb] Error: querySrv ENOTFOUND _mongodb._tcp.cluster0.qif3q.mongodb.net\n' +
    '    at QueryReqWrap.onresolve [as oncomplete] (node:internal/dns/promises:173:17)',
  level: 'error',
  timestamp: '2023-05-08 13:11:06'
}
{
  message: "[mongodb] MongooseServerSelectionError: Could not connect to any servers in your MongoDB Atlas cluster. One common reason is that you're trying to access the database from an IP that isn't whitelisted. Make sure your current IP address is on your Atlas cluster's IP whitelist: https://www.mongodb.com/docs/atlas/security-whitelist/\n" +
    '    at NativeConnection.Connection.openUri (C:\\Users\\lemon\\node_modules\\mongoose\\lib\\connection.js:825:32)\n' +
    '    at C:\\Users\\lemon\\node_modules\\mongoose\\lib\\index.js:414:10\n' +
    '    at C:\\Users\\lemon\\node_modules\\mongoose\\lib\\helpers\\promiseOrCallback.js:41:5\n' +
    '    at new Promise (<anonymous>)\n' +
    '    at promiseOrCallback (C:\\Users\\lemon\\node_modules\\mongoose\\lib\\helpers\\promiseOrCallback.js:40:10)\n' +
    '    at Mongoose._promiseOrCallback (C:\\Users\\lemon\\node_modules\\mongoose\\lib\\index.js:1288:10)\n' +
    '    at Mongoose.connect (C:\\Users\\lemon\\node_modules\\mongoose\\lib\\index.js:413:20)\n' +
    '    at module.exports (C:\\Users\\lemon\\desktop\\4020\\a2\\services\\mongo.service.js:17:6)\n' +
    '    at Object.<anonymous> (C:\\Users\\lemon\\desktop\\4020\\a2\\server.js:25:36)\n' +
    '    at Module._compile (node:internal/modules/cjs/loader:1101:14)',
  level: 'error',
  timestamp: '2023-05-08 13:16:21'
}
